

Started GET "/" for ::1 at 2016-04-22 18:43:13 -0500

ActiveRecord::NoDatabaseError (FATAL:  database "CodeaTAG_development" does not exist
):
  activerecord (4.2.4) lib/active_record/connection_adapters/postgresql_adapter.rb:665:in `rescue in connect'
  activerecord (4.2.4) lib/active_record/connection_adapters/postgresql_adapter.rb:655:in `connect'
  activerecord (4.2.4) lib/active_record/connection_adapters/postgresql_adapter.rb:242:in `initialize'
  activerecord (4.2.4) lib/active_record/connection_adapters/postgresql_adapter.rb:44:in `new'
  activerecord (4.2.4) lib/active_record/connection_adapters/postgresql_adapter.rb:44:in `postgresql_connection'
  activerecord (4.2.4) lib/active_record/connection_adapters/abstract/connection_pool.rb:438:in `new_connection'
  activerecord (4.2.4) lib/active_record/connection_adapters/abstract/connection_pool.rb:448:in `checkout_new_connection'
  activerecord (4.2.4) lib/active_record/connection_adapters/abstract/connection_pool.rb:422:in `acquire_connection'
  activerecord (4.2.4) lib/active_record/connection_adapters/abstract/connection_pool.rb:349:in `block in checkout'
  /Users/ibarroladt/.rvm/rubies/ruby-2.2.3/lib/ruby/2.2.0/monitor.rb:211:in `mon_synchronize'
  activerecord (4.2.4) lib/active_record/connection_adapters/abstract/connection_pool.rb:348:in `checkout'
  activerecord (4.2.4) lib/active_record/connection_adapters/abstract/connection_pool.rb:263:in `block in connection'
  /Users/ibarroladt/.rvm/rubies/ruby-2.2.3/lib/ruby/2.2.0/monitor.rb:211:in `mon_synchronize'
  activerecord (4.2.4) lib/active_record/connection_adapters/abstract/connection_pool.rb:262:in `connection'
  activerecord (4.2.4) lib/active_record/connection_adapters/abstract/connection_pool.rb:571:in `retrieve_connection'
  activerecord (4.2.4) lib/active_record/connection_handling.rb:113:in `retrieve_connection'
  activerecord (4.2.4) lib/active_record/connection_handling.rb:87:in `connection'
  activerecord (4.2.4) lib/active_record/migration.rb:383:in `connection'
  activerecord (4.2.4) lib/active_record/migration.rb:370:in `call'
  actionpack (4.2.4) lib/action_dispatch/middleware/callbacks.rb:29:in `block in call'
  activesupport (4.2.4) lib/active_support/callbacks.rb:88:in `__run_callbacks__'
  activesupport (4.2.4) lib/active_support/callbacks.rb:778:in `_run_call_callbacks'
  activesupport (4.2.4) lib/active_support/callbacks.rb:81:in `run_callbacks'
  actionpack (4.2.4) lib/action_dispatch/middleware/callbacks.rb:27:in `call'
  actionpack (4.2.4) lib/action_dispatch/middleware/reloader.rb:73:in `call'
  actionpack (4.2.4) lib/action_dispatch/middleware/remote_ip.rb:78:in `call'
  actionpack (4.2.4) lib/action_dispatch/middleware/debug_exceptions.rb:17:in `call'
  web-console (2.3.0) lib/web_console/middleware.rb:28:in `block in call'
  web-console (2.3.0) lib/web_console/middleware.rb:18:in `catch'
  web-console (2.3.0) lib/web_console/middleware.rb:18:in `call'
  actionpack (4.2.4) lib/action_dispatch/middleware/show_exceptions.rb:30:in `call'
  railties (4.2.4) lib/rails/rack/logger.rb:38:in `call_app'
  railties (4.2.4) lib/rails/rack/logger.rb:20:in `block in call'
  activesupport (4.2.4) lib/active_support/tagged_logging.rb:68:in `block in tagged'
  activesupport (4.2.4) lib/active_support/tagged_logging.rb:26:in `tagged'
  activesupport (4.2.4) lib/active_support/tagged_logging.rb:68:in `tagged'
  railties (4.2.4) lib/rails/rack/logger.rb:20:in `call'
  actionpack (4.2.4) lib/action_dispatch/middleware/request_id.rb:21:in `call'
  rack (1.6.4) lib/rack/methodoverride.rb:22:in `call'
  rack (1.6.4) lib/rack/runtime.rb:18:in `call'
  activesupport (4.2.4) lib/active_support/cache/strategy/local_cache_middleware.rb:28:in `call'
  rack (1.6.4) lib/rack/lock.rb:17:in `call'
  actionpack (4.2.4) lib/action_dispatch/middleware/static.rb:116:in `call'
  rack (1.6.4) lib/rack/sendfile.rb:113:in `call'
  railties (4.2.4) lib/rails/engine.rb:518:in `call'
  railties (4.2.4) lib/rails/application.rb:165:in `call'
  rack (1.6.4) lib/rack/lock.rb:17:in `call'
  rack (1.6.4) lib/rack/content_length.rb:15:in `call'
  rack (1.6.4) lib/rack/handler/webrick.rb:88:in `service'
  /Users/ibarroladt/.rvm/rubies/ruby-2.2.3/lib/ruby/2.2.0/webrick/httpserver.rb:138:in `service'
  /Users/ibarroladt/.rvm/rubies/ruby-2.2.3/lib/ruby/2.2.0/webrick/httpserver.rb:94:in `run'
  /Users/ibarroladt/.rvm/rubies/ruby-2.2.3/lib/ruby/2.2.0/webrick/server.rb:294:in `block in start_thread'


  Rendered /Users/ibarroladt/.rvm/gems/ruby-2.2.3@global/gems/actionpack-4.2.4/lib/action_dispatch/middleware/templates/rescues/_source.erb (7.2ms)
  Rendered /Users/ibarroladt/.rvm/gems/ruby-2.2.3@global/gems/actionpack-4.2.4/lib/action_dispatch/middleware/templates/rescues/_trace.html.erb (3.5ms)
  Rendered /Users/ibarroladt/.rvm/gems/ruby-2.2.3@global/gems/actionpack-4.2.4/lib/action_dispatch/middleware/templates/rescues/_request_and_response.html.erb (1.0ms)
  Rendered /Users/ibarroladt/.rvm/gems/ruby-2.2.3@global/gems/actionpack-4.2.4/lib/action_dispatch/middleware/templates/rescues/diagnostics.html.erb within rescues/layout (98.8ms)
  Rendered /Users/ibarroladt/.rvm/gems/ruby-2.2.3/gems/web-console-2.3.0/lib/web_console/templates/_markup.html.erb (0.6ms)
  Rendered /Users/ibarroladt/.rvm/gems/ruby-2.2.3/gems/web-console-2.3.0/lib/web_console/templates/_inner_console_markup.html.erb within layouts/inlined_string (0.4ms)
  Rendered /Users/ibarroladt/.rvm/gems/ruby-2.2.3/gems/web-console-2.3.0/lib/web_console/templates/_prompt_box_markup.html.erb within layouts/inlined_string (0.3ms)
  Rendered /Users/ibarroladt/.rvm/gems/ruby-2.2.3/gems/web-console-2.3.0/lib/web_console/templates/style.css.erb within layouts/inlined_string (0.9ms)
  Rendered /Users/ibarroladt/.rvm/gems/ruby-2.2.3/gems/web-console-2.3.0/lib/web_console/templates/console.js.erb within layouts/javascript (83.2ms)
  Rendered /Users/ibarroladt/.rvm/gems/ruby-2.2.3/gems/web-console-2.3.0/lib/web_console/templates/main.js.erb within layouts/javascript (0.3ms)
  Rendered /Users/ibarroladt/.rvm/gems/ruby-2.2.3/gems/web-console-2.3.0/lib/web_console/templates/error_page.js.erb within layouts/javascript (0.7ms)
  Rendered /Users/ibarroladt/.rvm/gems/ruby-2.2.3/gems/web-console-2.3.0/lib/web_console/templates/index.html.erb (179.1ms)


Started GET "/" for ::1 at 2016-04-22 18:43:58 -0500
Processing by StaticPagesController#home as HTML
Completed 500 Internal Server Error in 22ms (ActiveRecord: 0.0ms)

ActionView::MissingTemplate (Missing template static_pages/home, application/home with {:locale=>[:en], :formats=>[:html], :variants=>[], :handlers=>[:erb, :builder, :raw, :ruby, :coffee, :jbuilder]}. Searched in:
  * "/Users/ibarroladt/Desktop/CodeaTAG/app/views"
):
  actionview (4.2.4) lib/action_view/path_set.rb:46:in `find'
  actionview (4.2.4) lib/action_view/lookup_context.rb:121:in `find'
  actionview (4.2.4) lib/action_view/renderer/abstract_renderer.rb:18:in `find_template'
  actionview (4.2.4) lib/action_view/renderer/template_renderer.rb:40:in `determine_template'
  actionview (4.2.4) lib/action_view/renderer/template_renderer.rb:8:in `render'
  actionview (4.2.4) lib/action_view/renderer/renderer.rb:42:in `render_template'
  actionview (4.2.4) lib/action_view/renderer/renderer.rb:23:in `render'
  actionview (4.2.4) lib/action_view/rendering.rb:100:in `_render_template'
  actionpack (4.2.4) lib/action_controller/metal/streaming.rb:217:in `_render_template'
  actionview (4.2.4) lib/action_view/rendering.rb:83:in `render_to_body'
  actionpack (4.2.4) lib/action_controller/metal/rendering.rb:32:in `render_to_body'
  actionpack (4.2.4) lib/action_controller/metal/renderers.rb:37:in `render_to_body'
  actionpack (4.2.4) lib/abstract_controller/rendering.rb:25:in `render'
  actionpack (4.2.4) lib/action_controller/metal/rendering.rb:16:in `render'
  actionpack (4.2.4) lib/action_controller/metal/instrumentation.rb:44:in `block (2 levels) in render'
  activesupport (4.2.4) lib/active_support/core_ext/benchmark.rb:12:in `block in ms'
  /Users/ibarroladt/.rvm/rubies/ruby-2.2.3/lib/ruby/2.2.0/benchmark.rb:303:in `realtime'
  activesupport (4.2.4) lib/active_support/core_ext/benchmark.rb:12:in `ms'
  actionpack (4.2.4) lib/action_controller/metal/instrumentation.rb:44:in `block in render'
  actionpack (4.2.4) lib/action_controller/metal/instrumentation.rb:87:in `cleanup_view_runtime'
  activerecord (4.2.4) lib/active_record/railties/controller_runtime.rb:25:in `cleanup_view_runtime'
  actionpack (4.2.4) lib/action_controller/metal/instrumentation.rb:43:in `render'
  actionpack (4.2.4) lib/action_controller/metal/implicit_render.rb:10:in `default_render'
  actionpack (4.2.4) lib/action_controller/metal/implicit_render.rb:5:in `send_action'
  actionpack (4.2.4) lib/abstract_controller/base.rb:198:in `process_action'
  actionpack (4.2.4) lib/action_controller/metal/rendering.rb:10:in `process_action'
  actionpack (4.2.4) lib/abstract_controller/callbacks.rb:20:in `block in process_action'
  activesupport (4.2.4) lib/active_support/callbacks.rb:117:in `call'
  activesupport (4.2.4) lib/active_support/callbacks.rb:117:in `call'
  activesupport (4.2.4) lib/active_support/callbacks.rb:555:in `block (2 levels) in compile'
  activesupport (4.2.4) lib/active_support/callbacks.rb:505:in `call'
  activesupport (4.2.4) lib/active_support/callbacks.rb:505:in `call'
  activesupport (4.2.4) lib/active_support/callbacks.rb:92:in `__run_callbacks__'
  activesupport (4.2.4) lib/active_support/callbacks.rb:778:in `_run_process_action_callbacks'
  activesupport (4.2.4) lib/active_support/callbacks.rb:81:in `run_callbacks'
  actionpack (4.2.4) lib/abstract_controller/callbacks.rb:19:in `process_action'
  actionpack (4.2.4) lib/action_controller/metal/rescue.rb:29:in `process_action'
  actionpack (4.2.4) lib/action_controller/metal/instrumentation.rb:32:in `block in process_action'
  activesupport (4.2.4) lib/active_support/notifications.rb:164:in `block in instrument'
  activesupport (4.2.4) lib/active_support/notifications/instrumenter.rb:20:in `instrument'
  activesupport (4.2.4) lib/active_support/notifications.rb:164:in `instrument'
  actionpack (4.2.4) lib/action_controller/metal/instrumentation.rb:30:in `process_action'
  actionpack (4.2.4) lib/action_controller/metal/params_wrapper.rb:250:in `process_action'
  activerecord (4.2.4) lib/active_record/railties/controller_runtime.rb:18:in `process_action'
  actionpack (4.2.4) lib/abstract_controller/base.rb:137:in `process'
  actionview (4.2.4) lib/action_view/rendering.rb:30:in `process'
  actionpack (4.2.4) lib/action_controller/metal.rb:196:in `dispatch'
  actionpack (4.2.4) lib/action_controller/metal/rack_delegation.rb:13:in `dispatch'
  actionpack (4.2.4) lib/action_controller/metal.rb:237:in `block in action'
  actionpack (4.2.4) lib/action_dispatch/routing/route_set.rb:76:in `call'
  actionpack (4.2.4) lib/action_dispatch/routing/route_set.rb:76:in `dispatch'
  actionpack (4.2.4) lib/action_dispatch/routing/route_set.rb:45:in `serve'
  actionpack (4.2.4) lib/action_dispatch/journey/router.rb:43:in `block in serve'
  actionpack (4.2.4) lib/action_dispatch/journey/router.rb:30:in `each'
  actionpack (4.2.4) lib/action_dispatch/journey/router.rb:30:in `serve'
  actionpack (4.2.4) lib/action_dispatch/routing/route_set.rb:821:in `call'
  rack (1.6.4) lib/rack/etag.rb:24:in `call'
  rack (1.6.4) lib/rack/conditionalget.rb:25:in `call'
  rack (1.6.4) lib/rack/head.rb:13:in `call'
  actionpack (4.2.4) lib/action_dispatch/middleware/params_parser.rb:27:in `call'
  actionpack (4.2.4) lib/action_dispatch/middleware/flash.rb:260:in `call'
  rack (1.6.4) lib/rack/session/abstract/id.rb:225:in `context'
  rack (1.6.4) lib/rack/session/abstract/id.rb:220:in `call'
  actionpack (4.2.4) lib/action_dispatch/middleware/cookies.rb:560:in `call'
  activerecord (4.2.4) lib/active_record/query_cache.rb:36:in `call'
  activerecord (4.2.4) lib/active_record/connection_adapters/abstract/connection_pool.rb:653:in `call'
  activerecord (4.2.4) lib/active_record/migration.rb:377:in `call'
  actionpack (4.2.4) lib/action_dispatch/middleware/callbacks.rb:29:in `block in call'
  activesupport (4.2.4) lib/active_support/callbacks.rb:88:in `__run_callbacks__'
  activesupport (4.2.4) lib/active_support/callbacks.rb:778:in `_run_call_callbacks'
  activesupport (4.2.4) lib/active_support/callbacks.rb:81:in `run_callbacks'
  actionpack (4.2.4) lib/action_dispatch/middleware/callbacks.rb:27:in `call'
  actionpack (4.2.4) lib/action_dispatch/middleware/reloader.rb:73:in `call'
  actionpack (4.2.4) lib/action_dispatch/middleware/remote_ip.rb:78:in `call'
  actionpack (4.2.4) lib/action_dispatch/middleware/debug_exceptions.rb:17:in `call'
  web-console (2.3.0) lib/web_console/middleware.rb:28:in `block in call'
  web-console (2.3.0) lib/web_console/middleware.rb:18:in `catch'
  web-console (2.3.0) lib/web_console/middleware.rb:18:in `call'
  actionpack (4.2.4) lib/action_dispatch/middleware/show_exceptions.rb:30:in `call'
  railties (4.2.4) lib/rails/rack/logger.rb:38:in `call_app'
  railties (4.2.4) lib/rails/rack/logger.rb:20:in `block in call'
  activesupport (4.2.4) lib/active_support/tagged_logging.rb:68:in `block in tagged'
  activesupport (4.2.4) lib/active_support/tagged_logging.rb:26:in `tagged'
  activesupport (4.2.4) lib/active_support/tagged_logging.rb:68:in `tagged'
  railties (4.2.4) lib/rails/rack/logger.rb:20:in `call'
  actionpack (4.2.4) lib/action_dispatch/middleware/request_id.rb:21:in `call'
  rack (1.6.4) lib/rack/methodoverride.rb:22:in `call'
  rack (1.6.4) lib/rack/runtime.rb:18:in `call'
  activesupport (4.2.4) lib/active_support/cache/strategy/local_cache_middleware.rb:28:in `call'
  rack (1.6.4) lib/rack/lock.rb:17:in `call'
  actionpack (4.2.4) lib/action_dispatch/middleware/static.rb:116:in `call'
  rack (1.6.4) lib/rack/sendfile.rb:113:in `call'
  railties (4.2.4) lib/rails/engine.rb:518:in `call'
  railties (4.2.4) lib/rails/application.rb:165:in `call'
  rack (1.6.4) lib/rack/lock.rb:17:in `call'
  rack (1.6.4) lib/rack/content_length.rb:15:in `call'
  rack (1.6.4) lib/rack/handler/webrick.rb:88:in `service'
  /Users/ibarroladt/.rvm/rubies/ruby-2.2.3/lib/ruby/2.2.0/webrick/httpserver.rb:138:in `service'
  /Users/ibarroladt/.rvm/rubies/ruby-2.2.3/lib/ruby/2.2.0/webrick/httpserver.rb:94:in `run'
  /Users/ibarroladt/.rvm/rubies/ruby-2.2.3/lib/ruby/2.2.0/webrick/server.rb:294:in `block in start_thread'


  Rendered /Users/ibarroladt/.rvm/gems/ruby-2.2.3@global/gems/actionpack-4.2.4/lib/action_dispatch/middleware/templates/rescues/_source.erb (7.3ms)
  Rendered /Users/ibarroladt/.rvm/gems/ruby-2.2.3@global/gems/actionpack-4.2.4/lib/action_dispatch/middleware/templates/rescues/_trace.html.erb (3.1ms)
  Rendered /Users/ibarroladt/.rvm/gems/ruby-2.2.3@global/gems/actionpack-4.2.4/lib/action_dispatch/middleware/templates/rescues/_request_and_response.html.erb (1.0ms)
  Rendered /Users/ibarroladt/.rvm/gems/ruby-2.2.3@global/gems/actionpack-4.2.4/lib/action_dispatch/middleware/templates/rescues/missing_template.html.erb within rescues/layout (106.1ms)
  Rendered /Users/ibarroladt/.rvm/gems/ruby-2.2.3/gems/web-console-2.3.0/lib/web_console/templates/_markup.html.erb (0.7ms)
  Rendered /Users/ibarroladt/.rvm/gems/ruby-2.2.3/gems/web-console-2.3.0/lib/web_console/templates/_inner_console_markup.html.erb within layouts/inlined_string (0.7ms)
  Rendered /Users/ibarroladt/.rvm/gems/ruby-2.2.3/gems/web-console-2.3.0/lib/web_console/templates/_prompt_box_markup.html.erb within layouts/inlined_string (0.4ms)
  Rendered /Users/ibarroladt/.rvm/gems/ruby-2.2.3/gems/web-console-2.3.0/lib/web_console/templates/style.css.erb within layouts/inlined_string (0.4ms)
  Rendered /Users/ibarroladt/.rvm/gems/ruby-2.2.3/gems/web-console-2.3.0/lib/web_console/templates/console.js.erb within layouts/javascript (80.1ms)
  Rendered /Users/ibarroladt/.rvm/gems/ruby-2.2.3/gems/web-console-2.3.0/lib/web_console/templates/main.js.erb within layouts/javascript (0.3ms)
  Rendered /Users/ibarroladt/.rvm/gems/ruby-2.2.3/gems/web-console-2.3.0/lib/web_console/templates/error_page.js.erb within layouts/javascript (0.5ms)
  Rendered /Users/ibarroladt/.rvm/gems/ruby-2.2.3/gems/web-console-2.3.0/lib/web_console/templates/index.html.erb (170.7ms)


Started GET "/" for ::1 at 2016-04-22 18:49:16 -0500
Processing by StaticPagesController#home as HTML
  Rendered static_pages/home.html.erb within layouts/application (0.4ms)
Completed 200 OK in 1462ms (Views: 1460.5ms | ActiveRecord: 0.0ms)


Started GET "/assets/application.self-e80e8f2318043e8af94dddc2adad5a4f09739a8ebb323b3ab31cd71d45fd9113.css?body=1" for ::1 at 2016-04-22 18:49:18 -0500


Started GET "/assets/jquery.self-660adc51e0224b731d29f575a6f1ec167ba08ad06ed5deca4f1e8654c135bf4c.js?body=1" for ::1 at 2016-04-22 18:49:18 -0500


Started GET "/assets/jquery_ujs.self-e87806d0cf4489aeb1bb7288016024e8de67fd18db693fe026fe3907581e53cd.js?body=1" for ::1 at 2016-04-22 18:49:18 -0500


Started GET "/assets/static_pages.self-877aef30ae1b040ab8a3aba4e3e309a11d7f2612f44dde450b5c157aa5f95c05.js?body=1" for ::1 at 2016-04-22 18:49:18 -0500


Started GET "/assets/turbolinks.self-c37727e9bd6b2735da5c311aa83fead54ed0be6cc8bd9a65309e9c5abe2cbfff.js?body=1" for ::1 at 2016-04-22 18:49:18 -0500


Started GET "/assets/static_pages.self-e3b0c44298fc1c149afbf4c8996fb92427ae41e4649b934ca495991b7852b855.css?body=1" for ::1 at 2016-04-22 18:49:18 -0500


Started GET "/assets/application.self-3b8dabdc891efe46b9a144b400ad69e37d7e5876bdc39dee783419a69d7ca819.js?body=1" for ::1 at 2016-04-22 18:49:18 -0500


Started GET "/" for ::1 at 2016-04-22 18:49:23 -0500
Processing by StaticPagesController#home as HTML
  Rendered static_pages/home.html.erb within layouts/application (0.5ms)
Completed 200 OK in 24ms (Views: 23.4ms | ActiveRecord: 0.0ms)


Started GET "/assets/static_pages.self-e3b0c44298fc1c149afbf4c8996fb92427ae41e4649b934ca495991b7852b855.css?body=1" for ::1 at 2016-04-22 18:49:23 -0500


Started GET "/assets/application.self-e80e8f2318043e8af94dddc2adad5a4f09739a8ebb323b3ab31cd71d45fd9113.css?body=1" for ::1 at 2016-04-22 18:49:23 -0500


Started GET "/assets/jquery_ujs.self-e87806d0cf4489aeb1bb7288016024e8de67fd18db693fe026fe3907581e53cd.js?body=1" for ::1 at 2016-04-22 18:49:23 -0500


Started GET "/assets/jquery.self-660adc51e0224b731d29f575a6f1ec167ba08ad06ed5deca4f1e8654c135bf4c.js?body=1" for ::1 at 2016-04-22 18:49:23 -0500


Started GET "/assets/turbolinks.self-c37727e9bd6b2735da5c311aa83fead54ed0be6cc8bd9a65309e9c5abe2cbfff.js?body=1" for ::1 at 2016-04-22 18:49:23 -0500


Started GET "/assets/static_pages.self-877aef30ae1b040ab8a3aba4e3e309a11d7f2612f44dde450b5c157aa5f95c05.js?body=1" for ::1 at 2016-04-22 18:49:23 -0500


Started GET "/assets/application.self-3b8dabdc891efe46b9a144b400ad69e37d7e5876bdc39dee783419a69d7ca819.js?body=1" for ::1 at 2016-04-22 18:49:23 -0500
